example/android/app/build/intermediates/manifest_merge_blame_file/debug/manifest-merger-blame-debug-report.txt
1<?xml version="1.0" encoding="utf-8"?>
2<manifest xmlns:android="http://schemas.android.com/apk/res/android"
3    package="com.example.reactnativerncustomerglu"
4    android:versionCode="1"
5    android:versionName="1.0" >
6
7    <uses-sdk
8        android:minSdkVersion="21"
9        android:targetSdkVersion="29" />
10
11    <uses-permission android:name="android.permission.SYSTEM_ALERT_WINDOW" />
11-->src/debug/AndroidManifest.xml:5:5-77
11-->src/debug/AndroidManifest.xml:5:22-75
12    <uses-permission android:name="android.permission.DOWNLOAD_WITHOUT_NOTIFICATION" />
12-->src/main/AndroidManifest.xml:3:3-85
12-->src/main/AndroidManifest.xml:3:20-83
13    <uses-permission android:name="android.permission.INTERNET" />
13-->src/main/AndroidManifest.xml:4:5-67
13-->src/main/AndroidManifest.xml:4:22-64
14    <uses-permission android:name="android.permission.ACCESS_NETWORK_STATE" />
14-->src/main/AndroidManifest.xml:5:3-77
14-->src/main/AndroidManifest.xml:5:20-74
15    <uses-permission android:name="android.permission.ACCESS_WIFI_STATE" />
15-->[com.facebook.flipper:flipper:0.54.0] AndroidManifest.xml:16:5-76
15-->[com.facebook.flipper:flipper:0.54.0] AndroidManifest.xml:16:22-73
16    <uses-permission android:name="android.permission.REORDER_TASKS" />
16-->[androidx.test:core:1.4.0] AndroidManifest.xml:24:5-72
16-->[androidx.test:core:1.4.0] AndroidManifest.xml:24:22-69
17
18    <application
18-->src/main/AndroidManifest.xml:6:5-27:19
19        android:name="com.example.reactnativerncustomerglu.MainApplication"
19-->src/main/AndroidManifest.xml:7:7-38
20        android:allowBackup="false"
20-->src/main/AndroidManifest.xml:11:7-34
21        android:appComponentFactory="androidx.core.app.CoreComponentFactory"
21-->[androidx.core:core:1.5.0] AndroidManifest.xml:24:18-86
22        android:debuggable="true"
23        android:icon="@mipmap/ic_launcher"
23-->src/main/AndroidManifest.xml:9:7-41
24        android:label="@string/app_name"
24-->src/main/AndroidManifest.xml:8:7-39
25        android:roundIcon="@mipmap/ic_launcher_round"
25-->src/main/AndroidManifest.xml:10:7-52
26        android:theme="@style/AppTheme"
26-->src/main/AndroidManifest.xml:12:7-38
27        android:usesCleartextTraffic="true" >
27-->src/debug/AndroidManifest.xml:7:18-53
28        <meta-data
28-->src/main/AndroidManifest.xml:13:7-106
29            android:name="CUSTOMERGLU_WRITE_KEY"
29-->src/main/AndroidManifest.xml:13:18-54
30            android:value="G4VCVVAcLub8hx5SaeqH3pRqLBmDFrwy" />
30-->src/main/AndroidManifest.xml:13:55-103
31
32        <activity
32-->src/main/AndroidManifest.xml:15:7-25:18
33            android:name="com.example.reactnativerncustomerglu.MainActivity"
33-->src/main/AndroidManifest.xml:16:9-37
34            android:configChanges="keyboard|keyboardHidden|orientation|screenSize|uiMode"
34-->src/main/AndroidManifest.xml:18:9-86
35            android:label="@string/app_name"
35-->src/main/AndroidManifest.xml:17:9-41
36            android:launchMode="singleTask"
36-->src/main/AndroidManifest.xml:19:9-40
37            android:windowSoftInputMode="adjustResize" >
37-->src/main/AndroidManifest.xml:20:9-51
38            <intent-filter>
38-->src/main/AndroidManifest.xml:21:9-24:25
39                <action android:name="android.intent.action.MAIN" />
39-->src/main/AndroidManifest.xml:22:13-65
39-->src/main/AndroidManifest.xml:22:21-62
40
41                <category android:name="android.intent.category.LAUNCHER" />
41-->src/main/AndroidManifest.xml:23:13-73
41-->src/main/AndroidManifest.xml:23:23-70
42            </intent-filter>
43        </activity>
44        <activity android:name="com.facebook.react.devsupport.DevSettingsActivity" />
44-->src/main/AndroidManifest.xml:26:7-84
44-->src/main/AndroidManifest.xml:26:17-81
45        <activity
45-->[com.github.customerglu:CG-SDK-Android:v2.0.2] AndroidManifest.xml:12:9-15:56
46            android:name="com.customerglu.sdk.Web.OpenCustomerGluWeb"
46-->[com.github.customerglu:CG-SDK-Android:v2.0.2] AndroidManifest.xml:13:13-70
47            android:screenOrientation="portrait"
47-->[com.github.customerglu:CG-SDK-Android:v2.0.2] AndroidManifest.xml:14:13-49
48            android:theme="@style/Theme.Transparent" />
48-->[com.github.customerglu:CG-SDK-Android:v2.0.2] AndroidManifest.xml:15:13-53
49        <activity
49-->[com.github.customerglu:CG-SDK-Android:v2.0.2] AndroidManifest.xml:16:9-27:20
50            android:name="com.customerglu.sdk.notification.NotificationWeb"
50-->[com.github.customerglu:CG-SDK-Android:v2.0.2] AndroidManifest.xml:17:13-76
51            android:exported="false"
51-->[com.github.customerglu:CG-SDK-Android:v2.0.2] AndroidManifest.xml:18:13-37
52            android:protectionLevel="signature"
52-->[com.github.customerglu:CG-SDK-Android:v2.0.2] AndroidManifest.xml:19:13-48
53            android:screenOrientation="portrait"
53-->[com.github.customerglu:CG-SDK-Android:v2.0.2] AndroidManifest.xml:20:13-49
54            android:theme="@style/Theme.Transparent" >
54-->[com.github.customerglu:CG-SDK-Android:v2.0.2] AndroidManifest.xml:21:13-53
55            <intent-filter>
55-->[com.github.customerglu:CG-SDK-Android:v2.0.2] AndroidManifest.xml:22:13-26:29
56                <action android:name="OPEN_WEB" />
56-->[com.github.customerglu:CG-SDK-Android:v2.0.2] AndroidManifest.xml:23:17-51
56-->[com.github.customerglu:CG-SDK-Android:v2.0.2] AndroidManifest.xml:23:25-48
57
58                <category android:name="android.intent.category.DEFAULT" />
58-->[com.github.customerglu:CG-SDK-Android:v2.0.2] AndroidManifest.xml:25:17-76
58-->[com.github.customerglu:CG-SDK-Android:v2.0.2] AndroidManifest.xml:25:27-73
59            </intent-filter>
60        </activity>
61        <activity
61-->[com.github.customerglu:CG-SDK-Android:v2.0.2] AndroidManifest.xml:28:9-32:20
62            android:name="com.customerglu.sdk.notification.BottomSheet"
62-->[com.github.customerglu:CG-SDK-Android:v2.0.2] AndroidManifest.xml:29:13-72
63            android:screenOrientation="portrait"
63-->[com.github.customerglu:CG-SDK-Android:v2.0.2] AndroidManifest.xml:30:13-49
64            android:theme="@style/Theme.Transparent" >
64-->[com.github.customerglu:CG-SDK-Android:v2.0.2] AndroidManifest.xml:31:13-53
65        </activity>
66        <activity
66-->[com.github.customerglu:CG-SDK-Android:v2.0.2] AndroidManifest.xml:33:9-37:20
67            android:name="com.customerglu.sdk.notification.BottomDialog"
67-->[com.github.customerglu:CG-SDK-Android:v2.0.2] AndroidManifest.xml:34:13-73
68            android:screenOrientation="portrait"
68-->[com.github.customerglu:CG-SDK-Android:v2.0.2] AndroidManifest.xml:35:13-49
69            android:theme="@style/Theme.Transparent" >
69-->[com.github.customerglu:CG-SDK-Android:v2.0.2] AndroidManifest.xml:36:13-53
70        </activity>
71        <activity
71-->[com.github.customerglu:CG-SDK-Android:v2.0.2] AndroidManifest.xml:38:9-42:20
72            android:name="com.customerglu.sdk.notification.MiddleDialog"
72-->[com.github.customerglu:CG-SDK-Android:v2.0.2] AndroidManifest.xml:39:13-73
73            android:screenOrientation="portrait"
73-->[com.github.customerglu:CG-SDK-Android:v2.0.2] AndroidManifest.xml:40:13-49
74            android:theme="@style/Theme.Transparent" >
74-->[com.github.customerglu:CG-SDK-Android:v2.0.2] AndroidManifest.xml:41:13-53
75        </activity>
76        <activity
76-->[com.github.customerglu:CG-SDK-Android:v2.0.2] AndroidManifest.xml:43:9-47:20
77            android:name="com.customerglu.sdk.Screens.RewardScreen"
77-->[com.github.customerglu:CG-SDK-Android:v2.0.2] AndroidManifest.xml:44:13-68
78            android:screenOrientation="portrait"
78-->[com.github.customerglu:CG-SDK-Android:v2.0.2] AndroidManifest.xml:45:13-49
79            android:theme="@style/Theme.Transparent" >
79-->[com.github.customerglu:CG-SDK-Android:v2.0.2] AndroidManifest.xml:46:13-53
80        </activity>
81        <activity
81-->[com.github.customerglu:CG-SDK-Android:v2.0.2] AndroidManifest.xml:48:9-51:56
82            android:name="com.customerglu.sdk.Web.RewardWeb"
82-->[com.github.customerglu:CG-SDK-Android:v2.0.2] AndroidManifest.xml:49:13-61
83            android:screenOrientation="portrait"
83-->[com.github.customerglu:CG-SDK-Android:v2.0.2] AndroidManifest.xml:50:13-49
84            android:theme="@style/Theme.Transparent" />
84-->[com.github.customerglu:CG-SDK-Android:v2.0.2] AndroidManifest.xml:51:13-53
85        <activity
85-->[com.github.customerglu:CG-SDK-Android:v2.0.2] AndroidManifest.xml:52:9-55:56
86            android:name="com.customerglu.sdk.Web.OpenWallet"
86-->[com.github.customerglu:CG-SDK-Android:v2.0.2] AndroidManifest.xml:53:13-62
87            android:screenOrientation="portrait"
87-->[com.github.customerglu:CG-SDK-Android:v2.0.2] AndroidManifest.xml:54:13-49
88            android:theme="@style/Theme.Transparent" />
88-->[com.github.customerglu:CG-SDK-Android:v2.0.2] AndroidManifest.xml:55:13-53
89        <activity
89-->[com.github.customerglu:CG-SDK-Android:v2.0.2] AndroidManifest.xml:56:9-59:56
90            android:name="com.customerglu.sdk.Web.FilterReward"
90-->[com.github.customerglu:CG-SDK-Android:v2.0.2] AndroidManifest.xml:57:13-64
91            android:screenOrientation="portrait"
91-->[com.github.customerglu:CG-SDK-Android:v2.0.2] AndroidManifest.xml:58:13-49
92            android:theme="@style/Theme.Transparent" />
92-->[com.github.customerglu:CG-SDK-Android:v2.0.2] AndroidManifest.xml:59:13-53
93
94        <provider
94-->[com.github.customerglu:CG-SDK-Android:v2.0.2] AndroidManifest.xml:61:9-69:20
95            android:name="androidx.core.content.FileProvider"
95-->[com.github.customerglu:CG-SDK-Android:v2.0.2] AndroidManifest.xml:62:13-62
96            android:authorities="com.example.reactnativerncustomerglu.provider"
96-->[com.github.customerglu:CG-SDK-Android:v2.0.2] AndroidManifest.xml:63:13-60
97            android:exported="false"
97-->[com.github.customerglu:CG-SDK-Android:v2.0.2] AndroidManifest.xml:64:13-37
98            android:grantUriPermissions="true" >
98-->[com.github.customerglu:CG-SDK-Android:v2.0.2] AndroidManifest.xml:65:13-47
99            <meta-data
99-->[com.github.customerglu:CG-SDK-Android:v2.0.2] AndroidManifest.xml:66:13-68:57
100                android:name="android.support.FILE_PROVIDER_PATHS"
100-->[com.github.customerglu:CG-SDK-Android:v2.0.2] AndroidManifest.xml:67:17-67
101                android:resource="@xml/provider_path" />
101-->[com.github.customerglu:CG-SDK-Android:v2.0.2] AndroidManifest.xml:68:17-54
102        </provider>
103
104        <activity
104-->[androidx.test:core:1.4.0] AndroidManifest.xml:27:9-34:20
105            android:name="androidx.test.core.app.InstrumentationActivityInvoker$BootstrapActivity"
105-->[androidx.test:core:1.4.0] AndroidManifest.xml:28:13-99
106            android:exported="true"
106-->[androidx.test:core:1.4.0] AndroidManifest.xml:29:13-36
107            android:theme="@android:style/Theme" >
107-->[androidx.test:core:1.4.0] AndroidManifest.xml:30:13-49
108            <intent-filter>
108-->[androidx.test:core:1.4.0] AndroidManifest.xml:31:13-33:29
109                <action android:name="android.intent.action.MAIN" />
109-->src/main/AndroidManifest.xml:22:13-65
109-->src/main/AndroidManifest.xml:22:21-62
110            </intent-filter>
111        </activity>
112        <activity
112-->[androidx.test:core:1.4.0] AndroidManifest.xml:35:9-42:20
113            android:name="androidx.test.core.app.InstrumentationActivityInvoker$EmptyActivity"
113-->[androidx.test:core:1.4.0] AndroidManifest.xml:36:13-95
114            android:exported="true"
114-->[androidx.test:core:1.4.0] AndroidManifest.xml:37:13-36
115            android:theme="@android:style/Theme" >
115-->[androidx.test:core:1.4.0] AndroidManifest.xml:38:13-49
116            <intent-filter>
116-->[androidx.test:core:1.4.0] AndroidManifest.xml:31:13-33:29
117                <action android:name="android.intent.action.MAIN" />
117-->src/main/AndroidManifest.xml:22:13-65
117-->src/main/AndroidManifest.xml:22:21-62
118            </intent-filter>
119        </activity>
120        <activity
120-->[androidx.test:core:1.4.0] AndroidManifest.xml:43:9-50:20
121            android:name="androidx.test.core.app.InstrumentationActivityInvoker$EmptyFloatingActivity"
121-->[androidx.test:core:1.4.0] AndroidManifest.xml:44:13-103
122            android:exported="true"
122-->[androidx.test:core:1.4.0] AndroidManifest.xml:45:13-36
123            android:theme="@android:style/Theme.Dialog" >
123-->[androidx.test:core:1.4.0] AndroidManifest.xml:46:13-56
124            <intent-filter>
124-->[androidx.test:core:1.4.0] AndroidManifest.xml:31:13-33:29
125                <action android:name="android.intent.action.MAIN" />
125-->src/main/AndroidManifest.xml:22:13-65
125-->src/main/AndroidManifest.xml:22:21-62
126            </intent-filter>
127        </activity>
128    </application>
129
130</manifest>